2026/07/24 02:03:51 [runtime] initializing
2026/07/24 02:03:51 [runtime] initialization complete
2026/07/24 02:03:51 [runtime] starting audiocpp server
2026/07/24 02:03:51 [audiocpp] started server (pid=17452)
2026/07/24 02:03:51 [audiocpp:stderr] audio.cpp is optimized for CUDA. The 
2026/07/24 02:03:51 [audiocpp:stderr] cpu server backend is intended for portability and testing, but performance and model coverage may be lower than CUDA.
2026/07/24 02:03:52 [runtime] audiocpp server is ready
2026/07/24 02:03:52 [jobs] started 1 workers
2026/07/24 02:03:52 audiocpp-runtime started on 127.0.0.1:18091
2026/07/24 02:03:52 API server starting on 127.0.0.1:18091
2026/07/24 02:03:53 [api] shutdown requested via API
2026/07/24 02:03:53 [runtime] shutting down
2026/07/24 02:03:54 [jobs] all workers stopped
2026/07/24 02:03:54 [audiocpp] sending graceful stop to (pid=17452)
2026/07/24 02:03:54 [audiocpp] graceful stop error: exit status 1
2026/07/24 02:03:59 [audiocpp] process (pid=17452) did not exit gracefully within deadline
2026/07/24 02:03:59 [audiocpp] stopping server (pid=17452)
2026/07/24 02:04:00 [runtime] shutdown complete
2026/07/24 02:04:00 [api] shutting down HTTP server
2026/07/24 02:04:00 shutting down (API request)...
2026/07/24 02:04:00 audiocpp-runtime exited
